This file contains any messages produced by compilers while
running configure, to aid debugging if configure makes a mistake.

It was created by LLVM configure 3.7.0svn, which was
generated by GNU Autoconf 2.60.  Invocation command line was

  $ ./configure 

## --------- ##
## Platform. ##
## --------- ##

hostname = AxisdeiMac.local
uname -m = x86_64
uname -r = 15.2.0
uname -s = Darwin
uname -v = Darwin Kernel Version 15.2.0: Fri Nov 13 19:56:56 PST 2015; root:xnu-3248.20.55~2/RELEASE_X86_64

/usr/bin/uname -p = i386
/bin/uname -X     = unknown

/bin/arch              = unknown
/usr/bin/arch -k       = unknown
/usr/convex/getsysinfo = unknown
/usr/bin/hostinfo      = Mach kernel version:
	 Darwin Kernel Version 15.2.0: Fri Nov 13 19:56:56 PST 2015; root:xnu-3248.20.55~2/RELEASE_X86_64
Kernel configured for up to 4 processors.
4 processors are physically available.
4 processors are logically available.
Processor type: x86_64h (Intel x86-64h Haswell)
Processors active: 0 1 2 3
Primary memory available: 8.00 gigabytes
Default processor set: 349 tasks, 1601 threads, 4 processors
Load average: 2.24, Mach factor: 2.08
/bin/machine           = unknown
/usr/bin/oslevel       = unknown
/bin/universe          = unknown

PATH: /Users/axis/llvm-build/Release+Asserts/bin
PATH: /usr/local/Cellar/
PATH: ./bin
PATH: /Users/axis/bin
PATH: /usr/local/sbin
PATH: /Users/axis/.dotfiles/bin
PATH: /usr/local/heroku/bin
PATH: /usr/local/bin
PATH: /usr/bin
PATH: /bin
PATH: /usr/sbin
PATH: /sbin


## ----------- ##
## Core tests. ##
## ----------- ##

configure:2059: checking for clang
configure:2075: found /Users/axis/llvm-build/Release+Asserts/bin/clang
configure:2086: result: clang
configure:2122: checking for C compiler version
configure:2129: clang --version >&5
clang version 3.7.0 (tags/RELEASE_371/final)
Target: x86_64-apple-darwin15.2.0
Thread model: posix
configure:2132: $? = 0
configure:2139: clang -v >&5
clang version 3.7.0 (tags/RELEASE_371/final)
Target: x86_64-apple-darwin15.2.0
Thread model: posix
configure:2142: $? = 0
configure:2149: clang -V >&5
clang: error: argument to '-V' is missing (expected 1 value)
clang: error: no input files
configure:2152: $? = 1
configure:2175: checking for C compiler default output file name
configure:2202: clang    conftest.c  >&5
configure:2205: $? = 0
configure:2251: result: a.out
configure:2256: checking whether the C compiler works
configure:2266: ./a.out
configure:2269: $? = 0
configure:2286: result: yes
configure:2293: checking whether we are cross compiling
configure:2295: result: no
configure:2298: checking for suffix of executables
configure:2305: clang -o conftest    conftest.c  >&5
configure:2308: $? = 0
configure:2332: result: 
configure:2338: checking for suffix of object files
configure:2364: clang -c   conftest.c >&5
configure:2367: $? = 0
configure:2390: result: o
configure:2394: checking whether we are using the GNU C compiler
configure:2423: clang -c   conftest.c >&5
configure:2429: $? = 0
configure:2436: test -z "$ac_c_werror_flag" || test ! -s conftest.err
configure:2439: $? = 0
configure:2446: test -s conftest.o
configure:2449: $? = 0
configure:2463: result: yes
configure:2468: checking whether clang accepts -g
configure:2498: clang -c -g  conftest.c >&5
configure:2504: $? = 0
configure:2511: test -z "$ac_c_werror_flag" || test ! -s conftest.err
configure:2514: $? = 0
configure:2521: test -s conftest.o
configure:2524: $? = 0
configure:2654: result: yes
configure:2671: checking for clang option to accept ISO C89
configure:2745: clang  -c   conftest.c >&5
configure:2751: $? = 0
configure:2758: test -z "$ac_c_werror_flag" || test ! -s conftest.err
configure:2761: $? = 0
configure:2768: test -s conftest.o
configure:2771: $? = 0
configure:2791: result: none needed
configure:2867: checking for clang++
configure:2883: found /Users/axis/llvm-build/Release+Asserts/bin/clang++
configure:2894: result: clang++
configure:2925: checking for C++ compiler version
configure:2932: clang++ --version >&5
clang version 3.7.0 (tags/RELEASE_371/final)
Target: x86_64-apple-darwin15.2.0
Thread model: posix
configure:2935: $? = 0
configure:2942: clang++ -v >&5
clang version 3.7.0 (tags/RELEASE_371/final)
Target: x86_64-apple-darwin15.2.0
Thread model: posix
configure:2945: $? = 0
configure:2952: clang++ -V >&5
clang: error: argument to '-V' is missing (expected 1 value)
clang: error: no input files
configure:2955: $? = 1
configure:2958: checking whether we are using the GNU C++ compiler
configure:2987: clang++ -c   conftest.cpp >&5
configure:2993: $? = 0
configure:3000: test -z "$ac_cxx_werror_flag" || test ! -s conftest.err
configure:3003: $? = 0
configure:3010: test -s conftest.o
configure:3013: $? = 0
configure:3027: result: yes
configure:3032: checking whether clang++ accepts -g
configure:3062: clang++ -c -g  conftest.cpp >&5
configure:3068: $? = 0
configure:3075: test -z "$ac_cxx_werror_flag" || test ! -s conftest.err
configure:3078: $? = 0
configure:3085: test -s conftest.o
configure:3088: $? = 0
configure:3218: result: yes
configure:3246: checking how to run the C preprocessor
configure:3286: clang -E  conftest.c
configure:3292: $? = 0
configure:3330: clang -E  conftest.c
conftest.c:12:10: fatal error: 'ac_nonexistent.h' file not found
#include <ac_nonexistent.h>
         ^
1 error generated.
configure:3336: $? = 1
configure: failed program was:
| /* confdefs.h.  */
| #define PACKAGE_NAME "LLVM"
| #define PACKAGE_TARNAME "llvm"
| #define PACKAGE_VERSION "3.7.0svn"
| #define PACKAGE_STRING "LLVM 3.7.0svn"
| #define PACKAGE_BUGREPORT "http://llvm.org/bugs/"
| #define LLVM_VERSION_MAJOR 3
| #define LLVM_VERSION_MINOR 7
| #define LLVM_VERSION_PATCH 0
| #define LLVM_VERSION_STRING "3.7.0svn"
| /* end confdefs.h.  */
| #include <ac_nonexistent.h>
configure:3376: result: clang -E
configure:3405: clang -E  conftest.c
configure:3411: $? = 0
configure:3449: clang -E  conftest.c
conftest.c:12:10: fatal error: 'ac_nonexistent.h' file not found
#include <ac_nonexistent.h>
         ^
1 error generated.
configure:3455: $? = 1
configure: failed program was:
| /* confdefs.h.  */
| #define PACKAGE_NAME "LLVM"
| #define PACKAGE_TARNAME "llvm"
| #define PACKAGE_VERSION "3.7.0svn"
| #define PACKAGE_STRING "LLVM 3.7.0svn"
| #define PACKAGE_BUGREPORT "http://llvm.org/bugs/"
| #define LLVM_VERSION_MAJOR 3
| #define LLVM_VERSION_MINOR 7
| #define LLVM_VERSION_PATCH 0
| #define LLVM_VERSION_STRING "3.7.0svn"
| /* end confdefs.h.  */
| #include <ac_nonexistent.h>
configure:3501: checking whether clang works
configure:3538: clang++ -c   conftest.cpp >&5
conftest.cpp:12:10: fatal error: 'limits' file not found
#include <limits>
         ^
1 error generated.
configure:3544: $? = 1
configure: failed program was:
| /* confdefs.h.  */
| #define PACKAGE_NAME "LLVM"
| #define PACKAGE_TARNAME "llvm"
| #define PACKAGE_VERSION "3.7.0svn"
| #define PACKAGE_STRING "LLVM 3.7.0svn"
| #define PACKAGE_BUGREPORT "http://llvm.org/bugs/"
| #define LLVM_VERSION_MAJOR 3
| #define LLVM_VERSION_MINOR 7
| #define LLVM_VERSION_PATCH 0
| #define LLVM_VERSION_STRING "3.7.0svn"
| /* end confdefs.h.  */
| #include <limits>
| #if __has_include (<cxxabi.h>)
| #include <cxxabi.h>
| #endif
| #if __has_include (<unwind.h>)
| #include <unwind.h>
| #endif
| 
| int
| main ()
| {
| 
|   ;
|   return 0;
| }
configure:3575: result: no
configure:3577: error: Selected compiler could not find or parse C++ standard library headers.  Rerun with CC=c-compiler CXX=c++-compiler ./configure ...

## ---------------- ##
## Cache variables. ##
## ---------------- ##

ac_cv_c_compiler_gnu=yes
ac_cv_cxx_compiler_gnu=yes
ac_cv_env_CCC_set=
ac_cv_env_CCC_value=
ac_cv_env_CC_set=
ac_cv_env_CC_value=
ac_cv_env_CFLAGS_set=
ac_cv_env_CFLAGS_value=
ac_cv_env_CPPFLAGS_set=
ac_cv_env_CPPFLAGS_value=
ac_cv_env_CPP_set=
ac_cv_env_CPP_value=
ac_cv_env_CXXFLAGS_set=
ac_cv_env_CXXFLAGS_value=
ac_cv_env_CXX_set=
ac_cv_env_CXX_value=
ac_cv_env_LDFLAGS_set=
ac_cv_env_LDFLAGS_value=
ac_cv_env_build_alias_set=
ac_cv_env_build_alias_value=
ac_cv_env_host_alias_set=
ac_cv_env_host_alias_value=
ac_cv_env_target_alias_set=
ac_cv_env_target_alias_value=
ac_cv_objext=o
ac_cv_prog_CPP='clang -E'
ac_cv_prog_ac_ct_CC=clang
ac_cv_prog_ac_ct_CXX=clang++
ac_cv_prog_cc_c89=
ac_cv_prog_cc_g=yes
ac_cv_prog_cxx_g=yes

## ----------------- ##
## Output variables. ##
## ----------------- ##

ALL_TARGETS=''
AR=''
ARCH=''
BINDINGS_TO_BUILD=''
BINPWD=''
BINUTILS_INCDIR=''
BUILD_CC=''
BUILD_CXX=''
BUILD_EXEEXT=''
BZIP2=''
CAT=''
CC='clang'
CFLAGS=''
CLANG_PLUGIN_SUPPORT=''
CLANG_SRC_ROOT=''
CMP=''
COVERED_SWITCH_DEFAULT=''
CP=''
CPP='clang -E'
CPPFLAGS=''
CVSBUILD=''
CXX='clang++'
CXXFLAGS=''
DATE=''
DEBUG_RUNTIME=''
DEBUG_SYMBOLS=''
DEFS=''
DISABLE_ASSERTIONS=''
DOT=''
DOXYGEN=''
ECHO_C='ECHO_N=''
ECHO_T=''
EGREP=''
ENABLE_CLANG_ARCMT=''
ENABLE_CLANG_STATIC_ANALYZER=''
ENABLE_CXX1Y=''
ENABLE_DOCS=''
ENABLE_DOXYGEN=''
ENABLE_EMBED_STDCXX=''
ENABLE_EXPENSIVE_CHECKS=''
ENABLE_LIBCPP=''
ENABLE_OPTIMIZED=''
ENABLE_PIC=''
ENABLE_POLLY=''
ENABLE_PROFILING=''
ENABLE_PTHREADS=''
ENABLE_SHARED=''
ENABLE_SPLIT_DWARF=''
ENABLE_TERMINFO=''
ENABLE_TIMESTAMPS=''
ENABLE_VISIBILITY_INLINES_HIDDEN=''
ENABLE_WERROR=''
EXEEXT=''
EXPENSIVE_CHECKS=''
EXTRA_LD_OPTIONS=''
EXTRA_OPTIONS=''
FIND=''
GAS=''
GO=''
GREP=''
GROFF=''
GZIPBIN=''
HAVE_DLOPEN=''
HAVE_LIBZ=''
HAVE_LINK_VERSION_SCRIPT=''
HAVE_OCAMLOPT=''
HAVE_OCAML_OUNIT=''
HAVE_PTHREAD=''
HAVE_TERMINFO=''
HOST_ARCH=''
HOST_OS=''
HUGE_VAL_SANITY=''
INSTALL_DATA=''
INSTALL_PROGRAM=''
INSTALL_SCRIPT=''
INTERNAL_PREFIX=''
JIT=''
KEEP_SYMBOLS=''
LDFLAGS=''
LIBOBJS=''
LIBS=''
LIBXML2_INC=''
LIBXML2_LIBS=''
LINKALL=''
LLVM_BINDIR=''
LLVM_CONFIGTIME=''
LLVM_COPYRIGHT='Copyright (c) 2003-2014 University of Illinois at Urbana-Champaign.'
LLVM_CROSS_COMPILING=''
LLVM_DATADIR=''
LLVM_DOCSDIR=''
LLVM_ENABLE_THREADS=''
LLVM_ENABLE_ZLIB=''
LLVM_ENUM_ASM_PARSERS=''
LLVM_ENUM_ASM_PRINTERS=''
LLVM_ENUM_DISASSEMBLERS=''
LLVM_ENUM_TARGETS=''
LLVM_ETCDIR=''
LLVM_HAS_POLLY=''
LLVM_INCLUDEDIR=''
LLVM_INFODIR=''
LLVM_MANDIR=''
LLVM_NATIVE_ARCH=''
LLVM_ON_UNIX=''
LLVM_ON_WIN32=''
LLVM_PREFIX=''
LLVM_VERSION_MAJOR='3'
LLVM_VERSION_MINOR='7'
LLVM_VERSION_PATCH='0'
LLVM_VERSION_SUFFIX='svn'
LN_S=''
LTLIBOBJS=''
MKDIR=''
MMAP_FILE=''
MV=''
NM=''
NOLINKALL=''
NO_COMMENT=''
NO_MAYBE_UNINITIALIZED=''
NO_MISSING_FIELD_INITIALIZERS=''
NO_UNINITIALIZED=''
NO_VARIADIC_MACROS=''
OBJEXT='o'
OCAMLFIND=''
OCAML_LIBDIR=''
OPTIMIZE_OPTION=''
OS=''
PACKAGE_BUGREPORT='http://llvm.org/bugs/'
PACKAGE_NAME='LLVM'
PACKAGE_STRING='LLVM 3.7.0svn'
PACKAGE_TARNAME='llvm'
PACKAGE_VERSION='3.7.0svn'
PATH_SEPARATOR=':'
PDFROFF=''
PYTHON=''
RANLIB=''
RDYNAMIC=''
RM=''
RPATH=''
SED=''
SHELL='/bin/sh'
SHLIBEXT=''
TAR=''
TARGETS_TO_BUILD=''
TARGETS_WITH_JIT=''
TARGET_HAS_JIT=''
TARGET_OS=''
USE_INTEL_JITEVENTS=''
USE_OPROFILE=''
XML2CONFIG=''
ZIP=''
ac_ct_CC='clang'
ac_ct_CXX='clang++'
bindir='${exec_prefix}/bin'
build=''
build_alias=''
build_cpu=''
build_os=''
build_vendor=''
datadir='${datarootdir}'
datarootdir='${prefix}/share'
docdir='${datarootdir}/doc/${PACKAGE_TARNAME}'
dvidir='${docdir}'
exec_prefix='NONE'
host=''
host_alias=''
host_cpu=''
host_os=''
host_vendor=''
htmldir='${docdir}'
ifGNUmake=''
includedir='${prefix}/include'
infodir='${datarootdir}/info'
libdir='${exec_prefix}/lib'
libexecdir='${exec_prefix}/libexec'
localedir='${datarootdir}/locale'
localstatedir='${prefix}/var'
mandir='${datarootdir}/man'
oldincludedir='/usr/include'
pdfdir='${docdir}'
prefix='NONE'
program_prefix='NONE'
program_transform_name='s,x,x,'
psdir='${docdir}'
sbindir='${exec_prefix}/sbin'
sharedstatedir='${prefix}/com'
subdirs=''
sysconfdir='${prefix}/etc'
target=''
target_alias=''
target_cpu=''
target_os=''
target_vendor=''

## ----------- ##
## confdefs.h. ##
## ----------- ##

#define PACKAGE_NAME "LLVM"
#define PACKAGE_TARNAME "llvm"
#define PACKAGE_VERSION "3.7.0svn"
#define PACKAGE_STRING "LLVM 3.7.0svn"
#define PACKAGE_BUGREPORT "http://llvm.org/bugs/"
#define LLVM_VERSION_MAJOR 3
#define LLVM_VERSION_MINOR 7
#define LLVM_VERSION_PATCH 0
#define LLVM_VERSION_STRING "3.7.0svn"

configure: exit 1
